0 info it worked if it ends with ok
1 verbose cli [ 'D:\\Program Files\\nodejs\\node.exe',
1 verbose cli   'C:\\Users\\Administrator\\AppData\\Roaming\\npm\\node_modules\\npm\\bin\\npm-cli.js',
1 verbose cli   'i',
1 verbose cli   'fs',
1 verbose cli   '-D' ]
2 info using npm@3.3.3
3 info using node@v6.10.3
4 silly loadCurrentTree Starting
5 silly install loadCurrentTree
6 silly install readLocalPackageData
7 silly fetchPackageMetaData fs
8 silly fetchNamedPackageData fs
9 silly mapToRegistry name fs
10 silly mapToRegistry using default registry
11 silly mapToRegistry registry https://registry.npm.taobao.org/
12 silly mapToRegistry uri https://registry.npm.taobao.org/fs
13 verbose request uri https://registry.npm.taobao.org/fs
14 verbose request no auth needed
15 info attempt registry request try #1 at 16:51:28
16 verbose request id 0f7eebe45e13b420
17 verbose etag "1010-B6HoxCINfwHTMn6vezXxp52DBVg"
18 http request GET https://registry.npm.taobao.org/fs
19 http 304 https://registry.npm.taobao.org/fs
20 silly get cb [ 304,
20 silly get   { date: 'Wed, 28 Jun 2017 08:51:37 GMT',
20 silly get     connection: 'keep-alive',
20 silly get     'x-current-requests': '1',
20 silly get     etag: '"1010-B6HoxCINfwHTMn6vezXxp52DBVg"',
20 silly get     'x-readtime': '54' } ]
21 verbose etag https://registry.npm.taobao.org/fs from cache
22 verbose get saving fs to C:\Users\Administrator\AppData\Roaming\npm-cache\registry.npm.taobao.org\fs\.cache.json
23 silly install normalizeTree
24 silly loadCurrentTree Finishing
25 silly loadIdealTree Starting
26 silly install loadIdealTree
27 silly cloneCurrentTree Starting
28 silly install cloneCurrentTreeToIdealTree
29 silly cloneCurrentTree Finishing
30 silly loadShrinkwrap Starting
31 silly install loadShrinkwrap
32 silly loadShrinkwrap Finishing
33 silly loadAllDepsIntoIdealTree Starting
34 silly install loadAllDepsIntoIdealTree
35 silly resolveWithNewModule fs@0.0.0 checking installable status
36 silly cache add args [ 'fs', null ]
37 verbose cache add spec fs
38 silly cache add parsed spec Result {
38 silly cache add   raw: 'fs',
38 silly cache add   scope: null,
38 silly cache add   name: 'fs',
38 silly cache add   rawSpec: '',
38 silly cache add   spec: '*',
38 silly cache add   type: 'range' }
39 silly addNamed fs@*
40 verbose addNamed "*" is a valid semver range for fs
41 silly addNameRange { name: 'fs', range: '*', hasData: false }
42 silly mapToRegistry name fs
43 silly mapToRegistry using default registry
44 silly mapToRegistry registry https://registry.npm.taobao.org/
45 silly mapToRegistry uri https://registry.npm.taobao.org/fs
46 verbose addNameRange registry:https://registry.npm.taobao.org/fs not in flight; fetching
47 verbose get https://registry.npm.taobao.org/fs not expired, no request
48 silly addNameRange number 2 { name: 'fs', range: '*', hasData: true }
49 silly addNameRange versions [ 'fs', [ '0.0.2', '0.0.0', '0.0.1-security' ] ]
50 silly addNamed fs@0.0.2
51 verbose addNamed "0.0.2" is a plain semver version for fs
52 silly cache afterAdd fs@0.0.2
53 verbose afterAdd C:\Users\Administrator\AppData\Roaming\npm-cache\fs\0.0.2\package\package.json not in flight; writing
54 verbose afterAdd C:\Users\Administrator\AppData\Roaming\npm-cache\fs\0.0.2\package\package.json written
55 silly rollbackFailedOptional Starting
56 silly rollbackFailedOptional Finishing
57 silly runTopLevelLifecycles Starting
58 silly runTopLevelLifecycles Finishing
59 silly install printInstalled
60 verbose stack Error: Error extracting C:\Users\Administrator\AppData\Roaming\npm-cache\fs\0.0.0\package.tgz archive: ENOENT: no such file or directory, open 'C:\Users\Administrator\AppData\Roaming\npm-cache\fs\0.0.0\package.tgz'
60 verbose stack     at ReadStream.<anonymous> (C:\Users\Administrator\AppData\Roaming\npm\node_modules\npm\lib\fetch-package-metadata.js:276:10)
60 verbose stack     at emitOne (events.js:96:13)
60 verbose stack     at ReadStream.emit (events.js:188:7)
60 verbose stack     at C:\Users\Administrator\AppData\Roaming\npm\node_modules\npm\node_modules\graceful-fs\graceful-fs.js:179:14
60 verbose stack     at C:\Users\Administrator\AppData\Roaming\npm\node_modules\npm\node_modules\graceful-fs\graceful-fs.js:230:16
60 verbose stack     at FSReqWrap.oncomplete (fs.js:123:15)
61 verbose cwd D:\web7\shangke\buildTools\gulp\demo
62 error Windows_NT 10.0.10586
63 error argv "D:\\Program Files\\nodejs\\node.exe" "C:\\Users\\Administrator\\AppData\\Roaming\\npm\\node_modules\\npm\\bin\\npm-cli.js" "i" "fs" "-D"
64 error node v6.10.3
65 error npm  v3.3.3
66 error code EREADFILE
67 error Error extracting C:\Users\Administrator\AppData\Roaming\npm-cache\fs\0.0.0\package.tgz archive: ENOENT: no such file or directory, open 'C:\Users\Administrator\AppData\Roaming\npm-cache\fs\0.0.0\package.tgz'
68 error If you need help, you may report this error at:
68 error     <https://github.com/npm/npm/issues>
69 verbose exit [ 1, true ]
