0 info it worked if it ends with ok
1 verbose cli [ 'D:\\Program Files\\nodejs\\node.exe',
1 verbose cli   'C:\\Users\\Administrator\\AppData\\Roaming\\npm\\node_modules\\npm\\bin\\npm-cli.js',
1 verbose cli   'install',
1 verbose cli   'fe7' ]
2 info using npm@3.3.3
3 info using node@v6.10.3
4 silly loadCurrentTree Starting
5 silly install loadCurrentTree
6 silly install readLocalPackageData
7 silly fetchPackageMetaData fe7
8 silly fetchNamedPackageData fe7
9 silly mapToRegistry name fe7
10 silly mapToRegistry using default registry
11 silly mapToRegistry registry https://registry.npmjs.org/
12 silly mapToRegistry uri https://registry.npmjs.org/fe7
13 verbose request uri https://registry.npmjs.org/fe7
14 verbose request no auth needed
15 info attempt registry request try #1 at 14:45:20
16 verbose request using bearer token for auth
17 verbose request id e3658805e4352056
18 verbose etag W/"5951fe7e-528"
19 verbose lastModified Tue, 27 Jun 2017 06:43:10 GMT
20 http request GET https://registry.npmjs.org/fe7
21 http 304 https://registry.npmjs.org/fe7
22 silly get cb [ 304,
22 silly get   { server: 'nginx/1.10.1',
22 silly get     'last-modified': 'Tue, 27 Jun 2017 06:43:10 GMT',
22 silly get     etag: '"5951fe7e-528"',
22 silly get     'cache-control': 'max-age=300',
22 silly get     'accept-ranges': 'bytes',
22 silly get     date: 'Tue, 27 Jun 2017 06:45:30 GMT',
22 silly get     via: '1.1 varnish',
22 silly get     connection: 'keep-alive',
22 silly get     'x-served-by': 'cache-nrt6125-NRT',
22 silly get     'x-cache': 'MISS',
22 silly get     'x-cache-hits': '0',
22 silly get     'x-timer': 'S1498545930.029233,VS0,VE130',
22 silly get     vary: 'Accept-Encoding' } ]
23 verbose etag https://registry.npmjs.org/fe7 from cache
24 verbose get saving fe7 to C:\Users\Administrator\AppData\Roaming\npm-cache\registry.npmjs.org\fe7\.cache.json
25 silly install normalizeTree
26 silly loadCurrentTree Finishing
27 silly loadIdealTree Starting
28 silly install loadIdealTree
29 silly cloneCurrentTree Starting
30 silly install cloneCurrentTreeToIdealTree
31 silly cloneCurrentTree Finishing
32 silly loadShrinkwrap Starting
33 silly install loadShrinkwrap
34 silly loadShrinkwrap Finishing
35 silly loadAllDepsIntoIdealTree Starting
36 silly install loadAllDepsIntoIdealTree
37 silly rollbackFailedOptional Starting
38 silly rollbackFailedOptional Finishing
39 silly runTopLevelLifecycles Starting
40 silly runTopLevelLifecycles Finishing
41 silly install printInstalled
42 verbose stack Error: Refusing to install fe7 as a dependency of itself
42 verbose stack     at checkSelf (C:\Users\Administrator\AppData\Roaming\npm\node_modules\npm\lib\install\validate-args.js:40:14)
42 verbose stack     at Array.<anonymous> (C:\Users\Administrator\AppData\Roaming\npm\node_modules\npm\node_modules\slide\lib\bind-actor.js:15:8)
42 verbose stack     at LOOP (C:\Users\Administrator\AppData\Roaming\npm\node_modules\npm\node_modules\slide\lib\chain.js:15:14)
42 verbose stack     at chain (C:\Users\Administrator\AppData\Roaming\npm\node_modules\npm\node_modules\slide\lib\chain.js:20:5)
42 verbose stack     at C:\Users\Administrator\AppData\Roaming\npm\node_modules\npm\lib\install\validate-args.js:15:5
42 verbose stack     at C:\Users\Administrator\AppData\Roaming\npm\node_modules\npm\node_modules\slide\lib\async-map.js:52:35
42 verbose stack     at Array.forEach (native)
42 verbose stack     at C:\Users\Administrator\AppData\Roaming\npm\node_modules\npm\node_modules\slide\lib\async-map.js:52:11
42 verbose stack     at Array.forEach (native)
42 verbose stack     at asyncMap (C:\Users\Administrator\AppData\Roaming\npm\node_modules\npm\node_modules\slide\lib\async-map.js:51:8)
43 verbose cwd D:\web7\shangke\package\npm\fe7
44 error Windows_NT 10.0.10586
45 error argv "D:\\Program Files\\nodejs\\node.exe" "C:\\Users\\Administrator\\AppData\\Roaming\\npm\\node_modules\\npm\\bin\\npm-cli.js" "install" "fe7"
46 error node v6.10.3
47 error npm  v3.3.3
48 error code ENOSELF
49 error Refusing to install fe7 as a dependency of itself
50 error If you need help, you may report this error at:
50 error     <https://github.com/npm/npm/issues>
51 verbose exit [ 1, true ]
