0 info it worked if it ends with ok
1 verbose cli [ 'D:\\Program Files\\nodejs\\node.exe',
1 verbose cli   'C:\\Users\\Administrator\\AppData\\Roaming\\npm\\node_modules\\npm\\bin\\npm-cli.js',
1 verbose cli   'install',
1 verbose cli   'npm@latest',
1 verbose cli   '-g' ]
2 info using npm@3.3.3
3 info using node@v6.10.3
4 silly loadCurrentTree Starting
5 silly install loadCurrentTree
6 silly install readGlobalPackageData
7 silly fetchPackageMetaData npm@latest
8 silly fetchNamedPackageData npm
9 silly mapToRegistry name npm
10 silly mapToRegistry using default registry
11 silly mapToRegistry registry https://registry.npmjs.org/
12 silly mapToRegistry uri https://registry.npmjs.org/npm
13 verbose request uri https://registry.npmjs.org/npm
14 verbose request no auth needed
15 info attempt registry request try #1 at 11:43:30
16 verbose request using bearer token for auth
17 verbose request id d39e686b23a56eb0
18 verbose etag "BNMEDMY7I61PZLZDSPPL2QFDQ"
19 http request GET https://registry.npmjs.org/npm
20 info retry will retry, error on last attempt: Error: connect ETIMEDOUT 151.101.72.162:443
21 info attempt registry request try #2 at 11:44:01
22 verbose request using bearer token for auth
23 verbose etag "BNMEDMY7I61PZLZDSPPL2QFDQ"
24 http request GET https://registry.npmjs.org/npm
25 http 200 https://registry.npmjs.org/npm
26 silly get cb [ 200,
26 silly get   { server: 'nginx/1.10.3',
26 silly get     'content-type': 'application/json',
26 silly get     'last-modified': 'Mon, 26 Jun 2017 20:07:18 GMT',
26 silly get     etag: 'W/"59516976-63d8eb"',
26 silly get     'content-encoding': 'gzip',
26 silly get     'cache-control': 'max-age=300',
26 silly get     'transfer-encoding': 'chunked',
26 silly get     'accept-ranges': 'bytes',
26 silly get     date: 'Tue, 27 Jun 2017 03:44:10 GMT',
26 silly get     via: '1.1 varnish',
26 silly get     connection: 'keep-alive',
26 silly get     'x-served-by': 'cache-nrt6133-NRT',
26 silly get     'x-cache': 'MISS',
26 silly get     'x-cache-hits': '0',
26 silly get     'x-timer': 'S1498535051.668602,VS0,VE279',
26 silly get     vary: 'Accept-Encoding' } ]
27 verbose get saving npm to C:\Users\Administrator\AppData\Roaming\npm-cache\registry.npmjs.org\npm\.cache.json
28 silly install normalizeTree
29 silly loadCurrentTree Finishing
30 silly loadIdealTree Starting
31 silly install loadIdealTree
32 silly cloneCurrentTree Starting
33 silly install cloneCurrentTreeToIdealTree
34 silly cloneCurrentTree Finishing
35 silly loadShrinkwrap Starting
36 silly install loadShrinkwrap
37 silly loadShrinkwrap Finishing
38 silly loadAllDepsIntoIdealTree Starting
39 silly install loadAllDepsIntoIdealTree
40 silly rollbackFailedOptional Starting
41 silly rollbackFailedOptional Finishing
42 silly runTopLevelLifecycles Starting
43 silly runTopLevelLifecycles Finishing
44 silly install printInstalled
45 verbose stack Error: Refusing to install npm as a dependency of itself
45 verbose stack     at checkSelf (C:\Users\Administrator\AppData\Roaming\npm\node_modules\npm\lib\install\validate-args.js:40:14)
45 verbose stack     at Array.<anonymous> (C:\Users\Administrator\AppData\Roaming\npm\node_modules\npm\node_modules\slide\lib\bind-actor.js:15:8)
45 verbose stack     at LOOP (C:\Users\Administrator\AppData\Roaming\npm\node_modules\npm\node_modules\slide\lib\chain.js:15:14)
45 verbose stack     at chain (C:\Users\Administrator\AppData\Roaming\npm\node_modules\npm\node_modules\slide\lib\chain.js:20:5)
45 verbose stack     at C:\Users\Administrator\AppData\Roaming\npm\node_modules\npm\lib\install\validate-args.js:15:5
45 verbose stack     at C:\Users\Administrator\AppData\Roaming\npm\node_modules\npm\node_modules\slide\lib\async-map.js:52:35
45 verbose stack     at Array.forEach (native)
45 verbose stack     at C:\Users\Administrator\AppData\Roaming\npm\node_modules\npm\node_modules\slide\lib\async-map.js:52:11
45 verbose stack     at Array.forEach (native)
45 verbose stack     at asyncMap (C:\Users\Administrator\AppData\Roaming\npm\node_modules\npm\node_modules\slide\lib\async-map.js:51:8)
46 verbose cwd D:\web7\shangke
47 error Windows_NT 10.0.10586
48 error argv "D:\\Program Files\\nodejs\\node.exe" "C:\\Users\\Administrator\\AppData\\Roaming\\npm\\node_modules\\npm\\bin\\npm-cli.js" "install" "npm@latest" "-g"
49 error node v6.10.3
50 error npm  v3.3.3
51 error code ENOSELF
52 error Refusing to install npm as a dependency of itself
53 error If you need help, you may report this error at:
53 error     <https://github.com/npm/npm/issues>
54 verbose exit [ 1, true ]
